\BOOKMARK [0][-]{section*.2}{Charge transport in organic microcavities: phonon-assisted zener tunnelling under strong light-matter coupling}{}% 2
\BOOKMARK [1][-]{section*.1}{Abstract}{section*.2}% 1
\BOOKMARK [1][-]{section*.3}{Intro}{section*.2}% 3
\BOOKMARK [1][-]{section*.4}{Model}{section*.2}% 4
\BOOKMARK [2][-]{section*.5}{What is special?}{section*.4}% 5
\BOOKMARK [1][-]{section*.6}{Hopping processes}{section*.2}% 6
\BOOKMARK [2][-]{section*.7}{Bulk processes}{section*.6}% 7
\BOOKMARK [2][-]{section*.8}{Contact processes}{section*.6}% 8
\BOOKMARK [1][-]{section*.9}{Classical hops induce quantum transitions}{section*.2}% 9
\BOOKMARK [2][-]{section*.10}{The state of the system}{section*.9}% 10
\BOOKMARK [2][-]{section*.11}{How the state evolves in time}{section*.9}% 11
\BOOKMARK [1][-]{section*.12}{Explaining experiments}{section*.2}% 12
\BOOKMARK [2][-]{section*.13}{Experimental findings}{section*.12}% 13
\BOOKMARK [2][-]{section*.14}{Possible explanations}{section*.12}% 14
\BOOKMARK [2][-]{section*.15}{Why resonant cavities allow more current? Is it enhanced injection or carrier generation?}{section*.12}% 15
\BOOKMARK [2][-]{section*.16}{What about the traps?}{section*.12}% 16
\BOOKMARK [2][-]{section*.17}{Photo assisted charge transfer}{section*.12}% 17
\BOOKMARK [1][-]{section*.18}{References}{section*.2}% 18
\BOOKMARK [1][-]{section*.19}{Overview}{section*.2}% 19
\BOOKMARK [2][-]{section*.20}{Nomenclature}{section*.19}% 20
\BOOKMARK [2][-]{section*.21}{Steps in a MC iteration}{section*.19}% 21
\BOOKMARK [1][-]{section*.22}{Basis states}{section*.2}% 22
\BOOKMARK [1][-]{section*.23}{Transition Matrices}{section*.2}% 23
\BOOKMARK [2][-]{section*.24}{D hops right/left}{section*.23}% 24
\BOOKMARK [2][-]{section*.25}{ hops right/left}{section*.23}% 25
\BOOKMARK [2][-]{section*.26}{\(D,\) creation: }{section*.23}% 26
\BOOKMARK [2][-]{section*.27}{\(D,\) annihilation: }{section*.23}% 27
\BOOKMARK [2][-]{section*.28}{ D/ creation at contacts: }{section*.23}% 28
\BOOKMARK [2][-]{section*.29}{ D/ annihilation at contacts: }{section*.23}% 29
\BOOKMARK [2][-]{section*.30}{cavity losses, }{section*.23}% 30
\BOOKMARK [2][-]{section*.31}{exciton losses, }{section*.23}% 31
